# JRE version: OpenJDK Runtime Environment Temurin-17.0.15+6 (17.0.15+6) (build 17.0.15+6)
# Java VM: OpenJDK 64-Bit Server VM Temurin-17.0.15+6 (17.0.15+6, mixed mode, tiered, compressed oops, compressed class ptrs, g1 gc, windows-amd64)
GC Precious Log:
 CPUs: 12 total, 12 available
 Memory: 3405M
 Large Page Support: Disabled
 NUMA Support: Disabled
 Compressed Oops: Enabled (32-bit)
 Heap Region Size: 1M
 Heap Min Capacity: 8M
 Heap Initial Capacity: 54M
 Heap Max Capacity: 852M
 Pre-touch: Disabled
 Parallel Workers: 10
 Concurrent Workers: 3
 Concurrent Refinement Workers: 10
 Periodic GC: Disabled
Heap:
 garbage-first heap   total 51200K, used 35752K [0x00000000cac00000, 0x0000000100000000)
  region size 1024K, 17 young (17408K), 3 survivors (3072K)
 Metaspace       used 58668K, committed 59136K, reserved 1114112K
  class space    used 7323K, committed 7552K, reserved 1048576K
GC Heap History (20 events):
Event: 13.126 GC heap before
{Heap before GC invocations=6 (full 0):
 garbage-first heap   total 37888K, used 27567K [0x00000000cac00000, 0x0000000100000000)
  region size 1024K, 17 young (17408K), 1 survivors (1024K)
 Metaspace       used 28968K, committed 29248K, reserved 1114112K
  class space    used 3342K, committed 3456K, reserved 1048576K
}
Event: 13.133 GC heap after
{Heap after GC invocations=7 (full 0):
 garbage-first heap   total 37888K, used 12929K [0x00000000cac00000, 0x0000000100000000)
  region size 1024K, 3 young (3072K), 3 survivors (3072K)
 Metaspace       used 28968K, committed 29248K, reserved 1114112K
  class space    used 3342K, committed 3456K, reserved 1048576K
}
Event: 16.036 GC heap before
{Heap before GC invocations=7 (full 0):
 garbage-first heap   total 37888K, used 27265K [0x00000000cac00000, 0x0000000100000000)
  region size 1024K, 17 young (17408K), 3 survivors (3072K)
 Metaspace       used 30798K, committed 31040K, reserved 1114112K
  class space    used 3578K, committed 3712K, reserved 1048576K
}
Event: 16.047 GC heap after
{Heap after GC invocations=8 (full 0):
 garbage-first heap   total 37888K, used 14082K [0x00000000cac00000, 0x0000000100000000)
  region size 1024K, 2 young (2048K), 2 survivors (2048K)
 Metaspace       used 30798K, committed 31040K, reserved 1114112K
  class space    used 3578K, committed 3712K, reserved 1048576K
}
Event: 18.586 GC heap before
{Heap before GC invocations=8 (full 0):
 garbage-first heap   total 37888K, used 27394K [0x00000000cac00000, 0x0000000100000000)
  region size 1024K, 15 young (15360K), 2 survivors (2048K)
 Metaspace       used 33196K, committed 33472K, reserved 1114112K
  class space    used 3927K, committed 4032K, reserved 1048576K
}
Event: 18.598 GC heap after
{Heap after GC invocations=9 (full 0):
 garbage-first heap   total 37888K, used 15044K [0x00000000cac00000, 0x0000000100000000)
  region size 1024K, 1 young (1024K), 1 survivors (1024K)
 Metaspace       used 33196K, committed 33472K, reserved 1114112K
  class space    used 3927K, committed 4032K, reserved 1048576K
}
Event: 21.017 GC heap before
{Heap before GC invocations=9 (full 0):
 garbage-first heap   total 37888K, used 28356K [0x00000000cac00000, 0x0000000100000000)
  region size 1024K, 15 young (15360K), 1 survivors (1024K)
 Metaspace       used 35652K, committed 35968K, reserved 1114112K
  class space    used 4313K, committed 4480K, reserved 1048576K
}
Event: 21.038 GC heap after
{Heap after GC invocations=10 (full 0):
 garbage-first heap   total 37888K, used 16618K [0x00000000cac00000, 0x0000000100000000)
  region size 1024K, 2 young (2048K), 2 survivors (2048K)
 Metaspace       used 35652K, committed 35968K, reserved 1114112K
  class space    used 4313K, committed 4480K, reserved 1048576K
}
Event: 24.249 GC heap before
{Heap before GC invocations=11 (full 0):
 garbage-first heap   total 37888K, used 27882K [0x00000000cac00000, 0x0000000100000000)
  region size 1024K, 14 young (14336K), 2 survivors (2048K)
 Metaspace       used 38720K, committed 39104K, reserved 1114112K
  class space    used 4662K, committed 4864K, reserved 1048576K
}
Event: 24.272 GC heap after
{Heap after GC invocations=12 (full 0):
 garbage-first heap   total 37888K, used 17830K [0x00000000cac00000, 0x0000000100000000)
  region size 1024K, 2 young (2048K), 2 survivors (2048K)
 Metaspace       used 38720K, committed 39104K, reserved 1114112K
  class space    used 4662K, committed 4864K, reserved 1048576K
}
Event: 25.971 GC heap before
{Heap before GC invocations=12 (full 0):
 garbage-first heap   total 37888K, used 29094K [0x00000000cac00000, 0x0000000100000000)
  region size 1024K, 13 young (13312K), 2 survivors (2048K)
 Metaspace       used 40595K, committed 41088K, reserved 1114112K
  class space    used 4900K, committed 5120K, reserved 1048576K
}
Event: 25.976 GC heap after
{Heap after GC invocations=13 (full 0):
 garbage-first heap   total 37888K, used 18474K [0x00000000cac00000, 0x0000000100000000)
  region size 1024K, 2 young (2048K), 2 survivors (2048K)
 Metaspace       used 40595K, committed 41088K, reserved 1114112K
  class space    used 4900K, committed 5120K, reserved 1048576K
}
Event: 27.657 GC heap before
{Heap before GC invocations=14 (full 0):
 garbage-first heap   total 37888K, used 29738K [0x00000000cac00000, 0x0000000100000000)
  region size 1024K, 13 young (13312K), 2 survivors (2048K)
 Metaspace       used 43139K, committed 43584K, reserved 1114112K
  class space    used 5303K, committed 5504K, reserved 1048576K
}
Event: 27.664 GC heap after
{Heap after GC invocations=15 (full 0):
 garbage-first heap   total 37888K, used 18988K [0x00000000cac00000, 0x0000000100000000)
  region size 1024K, 2 young (2048K), 2 survivors (2048K)
 Metaspace       used 43139K, committed 43584K, reserved 1114112K
  class space    used 5303K, committed 5504K, reserved 1048576K
}
Event: 29.285 GC heap before
{Heap before GC invocations=15 (full 0):
 garbage-first heap   total 37888K, used 28204K [0x00000000cac00000, 0x0000000100000000)
  region size 1024K, 12 young (12288K), 2 survivors (2048K)
 Metaspace       used 45377K, committed 45824K, reserved 1114112K
  class space    used 5677K, committed 5888K, reserved 1048576K
}
Event: 29.292 GC heap after
{Heap after GC invocations=16 (full 0):
 garbage-first heap   total 37888K, used 19365K [0x00000000cac00000, 0x0000000100000000)
  region size 1024K, 1 young (1024K), 1 survivors (1024K)
 Metaspace       used 45377K, committed 45824K, reserved 1114112K
  class space    used 5677K, committed 5888K, reserved 1048576K
}
Event: 31.269 GC heap before
{Heap before GC invocations=17 (full 0):
 garbage-first heap   total 37888K, used 30629K [0x00000000cac00000, 0x0000000100000000)
  region size 1024K, 12 young (12288K), 1 survivors (1024K)
 Metaspace       used 51170K, committed 51648K, reserved 1114112K
  class space    used 6354K, committed 6592K, reserved 1048576K
}
Event: 31.278 GC heap after
{Heap after GC invocations=18 (full 0):
 garbage-first heap   total 51200K, used 20960K [0x00000000cac00000, 0x0000000100000000)
  region size 1024K, 2 young (2048K), 2 survivors (2048K)
 Metaspace       used 51170K, committed 51648K, reserved 1114112K
  class space    used 6354K, committed 6592K, reserved 1048576K
}
Event: 34.013 GC heap before
{Heap before GC invocations=18 (full 0):
 garbage-first heap   total 51200K, used 40416K [0x00000000cac00000, 0x0000000100000000)
  region size 1024K, 21 young (21504K), 2 survivors (2048K)
 Metaspace       used 55683K, committed 56128K, reserved 1114112K
  class space    used 6955K, committed 7168K, reserved 1048576K
}
Event: 34.028 GC heap after
{Heap after GC invocations=19 (full 0):
 garbage-first heap   total 51200K, used 22440K [0x00000000cac00000, 0x0000000100000000)
  region size 1024K, 3 young (3072K), 3 survivors (3072K)
 Metaspace       used 55683K, committed 56128K, reserved 1114112K
  class space    used 6955K, committed 7168K, reserved 1048576K
}

